<?xml version="1.0" encoding="UTF-8"?>
<testng-results ignored="0" total="4" passed="4" failed="0" skipped="0">
  <reporter-output>
  </reporter-output>
  <suite started-at="2019-01-14T10:34:09Z" name="GoodReadsSuite" finished-at="2019-01-14T10:34:20Z" duration-ms="11151">
    <groups>
    </groups>
    <test started-at="2019-01-14T10:34:09Z" name="FunctionalTest" finished-at="2019-01-14T10:34:20Z" duration-ms="11151">
      <class name="com.goodreads.GoodReadsTest">
        <test-method signature="verifyGoodReadsAuthorSearch()[pri:0, instance:com.goodreads.GoodReadsTest@35a55fff]" started-at="2019-01-14T10:34:09Z" name="verifyGoodReadsAuthorSearch" description="Verify author search" finished-at="2019-01-14T10:34:15Z" duration-ms="5740" status="PASS">
          <reporter-output>
          </reporter-output>
        </test-method> <!-- verifyGoodReadsAuthorSearch -->
        <test-method signature="verifyGoodReadsAuthorSeriesSearch()[pri:0, instance:com.goodreads.GoodReadsTest@35a55fff]" started-at="2019-01-14T10:34:15Z" name="verifyGoodReadsAuthorSeriesSearch" description="Verify author series search" finished-at="2019-01-14T10:34:16Z" duration-ms="1496" status="PASS">
          <reporter-output>
          </reporter-output>
        </test-method> <!-- verifyGoodReadsAuthorSeriesSearch -->
        <test-method signature="verifyGoodReadsBookReviewsSearch()[pri:0, instance:com.goodreads.GoodReadsTest@35a55fff]" started-at="2019-01-14T10:34:16Z" name="verifyGoodReadsBookReviewsSearch" description="Verify book reviews search" finished-at="2019-01-14T10:34:18Z" duration-ms="1807" status="PASS">
          <reporter-output>
          </reporter-output>
        </test-method> <!-- verifyGoodReadsBookReviewsSearch -->
        <test-method signature="verifyGoodReadsBookSearch()[pri:0, instance:com.goodreads.GoodReadsTest@35a55fff]" started-at="2019-01-14T10:34:18Z" name="verifyGoodReadsBookSearch" description="Verify book search" finished-at="2019-01-14T10:34:20Z" duration-ms="1813" status="PASS">
          <reporter-output>
          </reporter-output>
        </test-method> <!-- verifyGoodReadsBookSearch -->
      </class> <!-- com.goodreads.GoodReadsTest -->
    </test> <!-- FunctionalTest -->
  </suite> <!-- GoodReadsSuite -->
</testng-results>
